d:\workroom\structure\mystack\mystack\mystack\x64\debug\vc143.pdb
d:\workroom\structure\mystack\mystack\mystack\x64\debug\vc143.idb
d:\workroom\structure\mystack\mystack\mystack\x64\debug\qrc_mystack.obj
d:\workroom\structure\mystack\mystack\mystack\x64\debug\mystack.obj
d:\workroom\structure\mystack\mystack\mystack\x64\debug\main.obj
d:\workroom\structure\mystack\mystack\mystack\x64\debug\moc_mystack.obj
d:\workroom\structure\mystack\mystack\mystack\x64\debug\qt\moc\moc_mystack.cpp
d:\workroom\structure\mystack\mystack\mystack\x64\debug\qt\uic\ui_mystack.h
d:\workroom\structure\mystack\mystack\mystack\x64\debug\qt\rcc\qrc_mystack.cpp
d:\workroom\structure\mystack\mystack\mystack\x64\debug\mystack.ilk
d:\workroom\structure\mystack\mystack\x64\debug\mystack.pdb
d:\workroom\structure\mystack\mystack\x64\debug\mystack.exe
d:\workroom\structure\mystack\mystack\mystack\x64\debug\mystack.tlog\cl.command.1.tlog
d:\workroom\structure\mystack\mystack\mystack\x64\debug\mystack.tlog\cl.items.tlog
d:\workroom\structure\mystack\mystack\mystack\x64\debug\mystack.tlog\cl.read.1.tlog
d:\workroom\structure\mystack\mystack\mystack\x64\debug\mystack.tlog\cl.write.1.tlog
d:\workroom\structure\mystack\mystack\mystack\x64\debug\mystack.tlog\link.command.1.tlog
d:\workroom\structure\mystack\mystack\mystack\x64\debug\mystack.tlog\link.read.1.tlog
d:\workroom\structure\mystack\mystack\mystack\x64\debug\mystack.tlog\link.secondary.1.tlog
d:\workroom\structure\mystack\mystack\mystack\x64\debug\mystack.tlog\link.write.1.tlog
d:\workroom\structure\mystack\mystack\mystack\x64\debug\mystack.tlog\moc.read.1u.tlog
d:\workroom\structure\mystack\mystack\mystack\x64\debug\mystack.tlog\moc.write.1u.tlog
d:\workroom\structure\mystack\mystack\mystack\x64\debug\mystack.tlog\mystack.write.1u.tlog
d:\workroom\structure\mystack\mystack\mystack\x64\debug\mystack.tlog\rcc.read.1u.tlog
d:\workroom\structure\mystack\mystack\mystack\x64\debug\mystack.tlog\rcc.write.1u.tlog
d:\workroom\structure\mystack\mystack\mystack\x64\debug\mystack.tlog\uic.read.1u.tlog
d:\workroom\structure\mystack\mystack\mystack\x64\debug\mystack.tlog\uic.write.1u.tlog
